# JRE version: OpenJDK Runtime Environment (12.0.2+10) (build 12.0.2-BellSoft+10)
# Java VM: OpenJDK 64-Bit Server VM (12.0.2-BellSoft+10, mixed mode, sharing, tiered, compressed oops, g1 gc, windows-amd64)
Heap:
 garbage-first heap   total 362496K, used 250483K [0x000000070a000000, 0x0000000800000000)
  region size 1024K, 79 young (80896K), 12 survivors (12288K)
 Metaspace       used 73841K, capacity 75538K, committed 75728K, reserved 1114112K
  class space    used 10116K, capacity 10751K, committed 10752K, reserved 1048576K
GC Heap History (10 events):
Event: 2869.467 GC heap before
{Heap before GC invocations=62 (full 0):
 garbage-first heap   total 362496K, used 312735K [0x000000070a000000, 0x0000000800000000)
  region size 1024K, 155 young (158720K), 6 survivors (6144K)
 Metaspace       used 57366K, capacity 58777K, committed 58960K, reserved 1099776K
  class space    used 7900K, capacity 8486K, committed 8576K, reserved 1048576K
}
Event: 2869.494 GC heap after
{Heap after GC invocations=63 (full 0):
 garbage-first heap   total 362496K, used 161068K [0x000000070a000000, 0x0000000800000000)
  region size 1024K, 6 young (6144K), 6 survivors (6144K)
 Metaspace       used 57366K, capacity 58777K, committed 58960K, reserved 1099776K
  class space    used 7900K, capacity 8486K, committed 8576K, reserved 1048576K
}
Event: 3444.390 GC heap before
{Heap before GC invocations=63 (full 0):
 garbage-first heap   total 362496K, used 315692K [0x000000070a000000, 0x0000000800000000)
  region size 1024K, 157 young (160768K), 6 survivors (6144K)
 Metaspace       used 57708K, capacity 59132K, committed 59216K, reserved 1099776K
  class space    used 7935K, capacity 8518K, committed 8576K, reserved 1048576K
}
Event: 3444.401 GC heap after
{Heap after GC invocations=64 (full 0):
 garbage-first heap   total 362496K, used 162449K [0x000000070a000000, 0x0000000800000000)
  region size 1024K, 7 young (7168K), 7 survivors (7168K)
 Metaspace       used 57708K, capacity 59132K, committed 59216K, reserved 1099776K
  class space    used 7935K, capacity 8518K, committed 8576K, reserved 1048576K
}
Event: 3449.727 GC heap before
{Heap before GC invocations=64 (full 0):
 garbage-first heap   total 362496K, used 316049K [0x000000070a000000, 0x0000000800000000)
  region size 1024K, 155 young (158720K), 7 survivors (7168K)
 Metaspace       used 72897K, capacity 74525K, committed 74704K, reserved 1114112K
  class space    used 10018K, capacity 10629K, committed 10752K, reserved 1048576K
}
Event: 3449.742 GC heap after
{Heap after GC invocations=65 (full 0):
 garbage-first heap   total 362496K, used 176487K [0x000000070a000000, 0x0000000800000000)
  region size 1024K, 18 young (18432K), 18 survivors (18432K)
 Metaspace       used 72897K, capacity 74525K, committed 74704K, reserved 1114112K
  class space    used 10018K, capacity 10629K, committed 10752K, reserved 1048576K
}
Event: 3453.677 GC heap before
{Heap before GC invocations=65 (full 0):
 garbage-first heap   total 362496K, used 219495K [0x000000070a000000, 0x0000000800000000)
  region size 1024K, 58 young (59392K), 18 survivors (18432K)
 Metaspace       used 73776K, capacity 75468K, committed 75472K, reserved 1114112K
  class space    used 10114K, capacity 10749K, committed 10752K, reserved 1048576K
}
Event: 3453.707 GC heap after
{Heap after GC invocations=66 (full 0):
 garbage-first heap   total 362496K, used 179515K [0x000000070a000000, 0x0000000800000000)
  region size 1024K, 13 young (13312K), 13 survivors (13312K)
 Metaspace       used 73776K, capacity 75468K, committed 75472K, reserved 1114112K
  class space    used 10114K, capacity 10749K, committed 10752K, reserved 1048576K
}
Event: 3453.956 GC heap before
{Heap before GC invocations=67 (full 0):
 garbage-first heap   total 362496K, used 212283K [0x000000070a000000, 0x0000000800000000)
  region size 1024K, 43 young (44032K), 13 survivors (13312K)
 Metaspace       used 73831K, capacity 75535K, committed 75728K, reserved 1114112K
  class space    used 10115K, capacity 10750K, committed 10752K, reserved 1048576K
}
Event: 3453.963 GC heap after
{Heap after GC invocations=68 (full 0):
 garbage-first heap   total 362496K, used 179827K [0x000000070a000000, 0x0000000800000000)
  region size 1024K, 12 young (12288K), 12 survivors (12288K)
 Metaspace       used 73831K, capacity 75535K, committed 75728K, reserved 1114112K
  class space    used 10115K, capacity 10750K, committed 10752K, reserved 1048576K
}

