# JRE version: OpenJDK Runtime Environment (15.0.2+10) (build 15.0.2+10)
# Java VM: OpenJDK 64-Bit Server VM (15.0.2+10, mixed mode, sharing, tiered, compressed oops, g1 gc, windows-amd64)
GC Precious Log:
 CPUs: 12 total, 12 available
 Memory: 15742M
 Large Page Support: Disabled
 NUMA Support: Disabled
 Compressed Oops: Enabled (Zero based)
 Heap Region Size: 2M
 Heap Min Capacity: 8M
 Heap Initial Capacity: 246M
 Heap Max Capacity: 3936M
 Pre-touch: Disabled
 Parallel Workers: 10
 Concurrent Workers: 3
 Concurrent Refinement Workers: 10
 Periodic GC: Disabled
Heap:
 garbage-first heap   total 239616K, used 164047K [0x000000070a000000, 0x0000000800000000)
  region size 2048K, 15 young (30720K), 2 survivors (4096K)
 Metaspace       used 53702K, capacity 54120K, committed 54736K, reserved 1097728K
  class space    used 7247K, capacity 7387K, committed 7456K, reserved 1048576K
GC Heap History (20 events):
Event: 17.204 GC heap before
{Heap before GC invocations=11 (full 0):
 garbage-first heap   total 96256K, used 67740K [0x000000070a000000, 0x0000000800000000)
  region size 2048K, 12 young (24576K), 2 survivors (4096K)
 Metaspace       used 40210K, capacity 40476K, committed 41296K, reserved 1085440K
  class space    used 5167K, capacity 5240K, committed 5280K, reserved 1048576K
}
Event: 17.209 GC heap after
{Heap after GC invocations=12 (full 0):
 garbage-first heap   total 96256K, used 50790K [0x000000070a000000, 0x0000000800000000)
  region size 2048K, 2 young (4096K), 2 survivors (4096K)
 Metaspace       used 40210K, capacity 40476K, committed 41296K, reserved 1085440K
  class space    used 5167K, capacity 5240K, committed 5280K, reserved 1048576K
}
Event: 18.046 GC heap before
{Heap before GC invocations=12 (full 0):
 garbage-first heap   total 96256K, used 69222K [0x000000070a000000, 0x0000000800000000)
  region size 2048K, 12 young (24576K), 2 survivors (4096K)
 Metaspace       used 41925K, capacity 42214K, committed 42960K, reserved 1087488K
  class space    used 5524K, capacity 5626K, committed 5664K, reserved 1048576K
}
Event: 18.052 GC heap after
{Heap after GC invocations=13 (full 0):
 garbage-first heap   total 96256K, used 55632K [0x000000070a000000, 0x0000000800000000)
  region size 2048K, 2 young (4096K), 2 survivors (4096K)
 Metaspace       used 41925K, capacity 42214K, committed 42960K, reserved 1087488K
  class space    used 5524K, capacity 5626K, committed 5664K, reserved 1048576K
}
Event: 18.345 GC heap before
{Heap before GC invocations=14 (full 0):
 garbage-first heap   total 100352K, used 72016K [0x000000070a000000, 0x0000000800000000)
  region size 2048K, 10 young (20480K), 2 survivors (4096K)
 Metaspace       used 42566K, capacity 42886K, committed 43600K, reserved 1087488K
  class space    used 5679K, capacity 5786K, committed 5792K, reserved 1048576K
}
Event: 18.349 GC heap after
{Heap after GC invocations=15 (full 0):
 garbage-first heap   total 100352K, used 61449K [0x000000070a000000, 0x0000000800000000)
  region size 2048K, 2 young (4096K), 2 survivors (4096K)
 Metaspace       used 42566K, capacity 42886K, committed 43600K, reserved 1087488K
  class space    used 5679K, capacity 5786K, committed 5792K, reserved 1048576K
}
Event: 18.483 GC heap before
{Heap before GC invocations=15 (full 0):
 garbage-first heap   total 100352K, used 69641K [0x000000070a000000, 0x0000000800000000)
  region size 2048K, 7 young (14336K), 2 survivors (4096K)
 Metaspace       used 42871K, capacity 43206K, committed 43984K, reserved 1087488K
  class space    used 5759K, capacity 5850K, committed 5920K, reserved 1048576K
}
Event: 18.486 GC heap after
{Heap after GC invocations=16 (full 0):
 garbage-first heap   total 100352K, used 64491K [0x000000070a000000, 0x0000000800000000)
  region size 2048K, 2 young (4096K), 2 survivors (4096K)
 Metaspace       used 42871K, capacity 43206K, committed 43984K, reserved 1087488K
  class space    used 5759K, capacity 5850K, committed 5920K, reserved 1048576K
}
Event: 18.692 GC heap before
{Heap before GC invocations=17 (full 0):
 garbage-first heap   total 208896K, used 132075K [0x000000070a000000, 0x0000000800000000)
  region size 2048K, 8 young (16384K), 2 survivors (4096K)
 Metaspace       used 42874K, capacity 43206K, committed 43984K, reserved 1087488K
  class space    used 5759K, capacity 5850K, committed 5920K, reserved 1048576K
}
Event: 18.693 GC heap after
{Heap after GC invocations=18 (full 0):
 garbage-first heap   total 208896K, used 121774K [0x000000070a000000, 0x0000000800000000)
  region size 2048K, 1 young (2048K), 1 survivors (2048K)
 Metaspace       used 42874K, capacity 43206K, committed 43984K, reserved 1087488K
  class space    used 5759K, capacity 5850K, committed 5920K, reserved 1048576K
}
Event: 19.097 GC heap before
{Heap before GC invocations=18 (full 0):
 garbage-first heap   total 208896K, used 156590K [0x000000070a000000, 0x0000000800000000)
  region size 2048K, 19 young (38912K), 1 survivors (2048K)
 Metaspace       used 42874K, capacity 43206K, committed 43984K, reserved 1087488K
  class space    used 5759K, capacity 5850K, committed 5920K, reserved 1048576K
}
Event: 19.098 GC heap after
{Heap after GC invocations=19 (full 0):
 garbage-first heap   total 208896K, used 121693K [0x000000070a000000, 0x0000000800000000)
  region size 2048K, 1 young (2048K), 1 survivors (2048K)
 Metaspace       used 42874K, capacity 43206K, committed 43984K, reserved 1087488K
  class space    used 5759K, capacity 5850K, committed 5920K, reserved 1048576K
}
Event: 19.526 GC heap before
{Heap before GC invocations=20 (full 0):
 garbage-first heap   total 215040K, used 162653K [0x000000070a000000, 0x0000000800000000)
  region size 2048K, 21 young (43008K), 1 survivors (2048K)
 Metaspace       used 43755K, capacity 44071K, committed 44752K, reserved 1087488K
  class space    used 5988K, capacity 6074K, committed 6176K, reserved 1048576K
}
Event: 19.532 GC heap after
{Heap after GC invocations=21 (full 0):
 garbage-first heap   total 215040K, used 131013K [0x000000070a000000, 0x0000000800000000)
  region size 2048K, 3 young (6144K), 3 survivors (6144K)
 Metaspace       used 43755K, capacity 44071K, committed 44752K, reserved 1087488K
  class space    used 5988K, capacity 6074K, committed 6176K, reserved 1048576K
}
Event: 219.997 GC heap before
{Heap before GC invocations=21 (full 0):
 garbage-first heap   total 215040K, used 167877K [0x000000070a000000, 0x0000000800000000)
  region size 2048K, 22 young (45056K), 3 survivors (6144K)
 Metaspace       used 45230K, capacity 45511K, committed 46160K, reserved 1089536K
  class space    used 6141K, capacity 6234K, committed 6304K, reserved 1048576K
}
Event: 220.005 GC heap after
{Heap after GC invocations=22 (full 0):
 garbage-first heap   total 215040K, used 136731K [0x000000070a000000, 0x0000000800000000)
  region size 2048K, 3 young (6144K), 3 survivors (6144K)
 Metaspace       used 45230K, capacity 45511K, committed 46160K, reserved 1089536K
  class space    used 6141K, capacity 6234K, committed 6304K, reserved 1048576K
}
Event: 244.133 GC heap before
{Heap before GC invocations=23 (full 0):
 garbage-first heap   total 235520K, used 169499K [0x000000070a000000, 0x0000000800000000)
  region size 2048K, 19 young (38912K), 3 survivors (6144K)
 Metaspace       used 53040K, capacity 53438K, committed 53968K, reserved 1095680K
  class space    used 7230K, capacity 7353K, committed 7456K, reserved 1048576K
}
Event: 244.144 GC heap after
{Heap after GC invocations=24 (full 0):
 garbage-first heap   total 235520K, used 139189K [0x000000070a000000, 0x0000000800000000)
  region size 2048K, 2 young (4096K), 2 survivors (4096K)
 Metaspace       used 53040K, capacity 53438K, committed 53968K, reserved 1095680K
  class space    used 7230K, capacity 7353K, committed 7456K, reserved 1048576K
}
Event: 419.065 GC heap before
{Heap before GC invocations=24 (full 0):
 garbage-first heap   total 235520K, used 186293K [0x000000070a000000, 0x0000000800000000)
  region size 2048K, 25 young (51200K), 2 survivors (4096K)
 Metaspace       used 53351K, capacity 53695K, committed 54224K, reserved 1095680K
  class space    used 7232K, capacity 7353K, committed 7456K, reserved 1048576K
}
Event: 419.337 GC heap after
{Heap after GC invocations=25 (full 0):
 garbage-first heap   total 235520K, used 139471K [0x000000070a000000, 0x0000000800000000)
  region size 2048K, 2 young (4096K), 2 survivors (4096K)
 Metaspace       used 53351K, capacity 53695K, committed 54224K, reserved 1095680K
  class space    used 7232K, capacity 7353K, committed 7456K, reserved 1048576K
}

